
*** Running vivado
    with args -log PWM_COM_IP_0_1.vds -m64 -product Vivado -mode batch -messageDb vivado.pb -notrace -source PWM_COM_IP_0_1.tcl



****** Vivado v2022.2 (64-bit)
  **** SW Build 3671981 on Fri Oct 14 05:00:03 MDT 2022
  **** IP Build 3669848 on Fri Oct 14 08:30:02 MDT 2022
    ** Copyright 1986-2022 Xilinx, Inc. All Rights Reserved.

source PWM_COM_IP_0_1.tcl -notrace
INFO: [IP_Flow 19-234] Refreshing IP repositories
INFO: [IP_Flow 19-1700] Loaded user IP repository 'd:/Project/Wireless Charge PWM/ip_repo/COM_IP_1_0'.
INFO: [IP_Flow 19-2313] Loaded Vivado IP repository 'D:/Soft/Xilinx22.2/Vivado/2022.2/data/ip'.
INFO: [IP_Flow 19-6924] IPCACHE: Running cache check for IP inst: PWM_COM_IP_0_1
Command: synth_design -top PWM_COM_IP_0_1 -part xc7z020clg400-2 -incremental_mode off -mode out_of_context
Starting synth_design
Attempting to get a license for feature 'Synthesis' and/or device 'xc7z020'
INFO: [Common 17-349] Got license for feature 'Synthesis' and/or device 'xc7z020'
INFO: [Device 21-403] Loading part xc7z020clg400-2
INFO: [Synth 8-7079] Multithreading enabled for synth_design using a maximum of 2 processes.
INFO: [Synth 8-7078] Launching helper process for spawning children vivado processes
INFO: [Synth 8-7075] Helper process launched with PID 50924
INFO: [Synth 8-11241] undeclared symbol 'REGCCE', assumed default net type 'wire' [D:/Soft/Xilinx22.2/Vivado/2022.2/data/verilog/src/unimacro/BRAM_SINGLE_MACRO.v:2170]
---------------------------------------------------------------------------------
Starting RTL Elaboration : Time (s): cpu = 00:00:02 ; elapsed = 00:00:03 . Memory (MB): peak = 1851.480 ; gain = 408.941
---------------------------------------------------------------------------------
INFO: [Synth 8-6157] synthesizing module 'PWM_COM_IP_0_1' [d:/Project/Wireless Charge PWM/PWM/PWM.gen/sources_1/bd/PWM/ip/PWM_COM_IP_0_1/synth/PWM_COM_IP_0_1.v:53]
INFO: [Synth 8-6157] synthesizing module 'COM_IP_v1_0' [d:/Project/Wireless Charge PWM/PWM/PWM.gen/sources_1/bd/PWM/ipshared/ebee/hdl/COM_IP_v1_0.v:4]
INFO: [Synth 8-6157] synthesizing module 'COM_IP_v1_0_S00_AXI' [d:/Project/Wireless Charge PWM/PWM/PWM.gen/sources_1/bd/PWM/ipshared/ebee/hdl/COM_IP_v1_0_S00_AXI.v:4]
INFO: [Synth 8-226] default block is never used [d:/Project/Wireless Charge PWM/PWM/PWM.gen/sources_1/bd/PWM/ipshared/ebee/hdl/COM_IP_v1_0_S00_AXI.v:235]
INFO: [Synth 8-226] default block is never used [d:/Project/Wireless Charge PWM/PWM/PWM.gen/sources_1/bd/PWM/ipshared/ebee/hdl/COM_IP_v1_0_S00_AXI.v:376]
INFO: [Synth 8-6155] done synthesizing module 'COM_IP_v1_0_S00_AXI' (0#1) [d:/Project/Wireless Charge PWM/PWM/PWM.gen/sources_1/bd/PWM/ipshared/ebee/hdl/COM_IP_v1_0_S00_AXI.v:4]
INFO: [Synth 8-6155] done synthesizing module 'COM_IP_v1_0' (0#1) [d:/Project/Wireless Charge PWM/PWM/PWM.gen/sources_1/bd/PWM/ipshared/ebee/hdl/COM_IP_v1_0.v:4]
INFO: [Synth 8-6155] done synthesizing module 'PWM_COM_IP_0_1' (0#1) [d:/Project/Wireless Charge PWM/PWM/PWM.gen/sources_1/bd/PWM/ip/PWM_COM_IP_0_1/synth/PWM_COM_IP_0_1.v:53]
WARNING: [Synth 8-7129] Port S_AXI_AWPROT[2] in module COM_IP_v1_0_S00_AXI is either unconnected or has no load
WARNING: [Synth 8-7129] Port S_AXI_AWPROT[1] in module COM_IP_v1_0_S00_AXI is either unconnected or has no load
WARNING: [Synth 8-7129] Port S_AXI_AWPROT[0] in module COM_IP_v1_0_S00_AXI is either unconnected or has no load
WARNING: [Synth 8-7129] Port S_AXI_ARPROT[2] in module COM_IP_v1_0_S00_AXI is either unconnected or has no load
WARNING: [Synth 8-7129] Port S_AXI_ARPROT[1] in module COM_IP_v1_0_S00_AXI is either unconnected or has no load
WARNING: [Synth 8-7129] Port S_AXI_ARPROT[0] in module COM_IP_v1_0_S00_AXI is either unconnected or has no load
---------------------------------------------------------------------------------
Finished RTL Elaboration : Time (s): cpu = 00:00:02 ; elapsed = 00:00:05 . Memory (MB): peak = 1947.227 ; gain = 504.688
---------------------------------------------------------------------------------
---------------------------------------------------------------------------------
Start Handling Custom Attributes
---------------------------------------------------------------------------------
---------------------------------------------------------------------------------
Finished Handling Custom Attributes : Time (s): cpu = 00:00:02 ; elapsed = 00:00:05 . Memory (MB): peak = 1947.227 ; gain = 504.688
---------------------------------------------------------------------------------
---------------------------------------------------------------------------------
Finished RTL Optimization Phase 1 : Time (s): cpu = 00:00:02 ; elapsed = 00:00:05 . Memory (MB): peak = 1947.227 ; gain = 504.688
---------------------------------------------------------------------------------
Netlist sorting complete. Time (s): cpu = 00:00:00 ; elapsed = 00:00:00.004 . Memory (MB): peak = 1947.227 ; gain = 0.000
INFO: [Project 1-570] Preparing netlist for logic optimization

Processing XDC Constraints
Initializing timing engine
Completed Processing XDC Constraints

Netlist sorting complete. Time (s): cpu = 00:00:00 ; elapsed = 00:00:00 . Memory (MB): peak = 2020.418 ; gain = 0.000
INFO: [Project 1-111] Unisim Transformation Summary:
No Unisim elements were transformed.

Constraint Validation Runtime : Time (s): cpu = 00:00:00 ; elapsed = 00:00:00.012 . Memory (MB): peak = 2020.449 ; gain = 0.031
INFO: [Designutils 20-5008] Incremental synthesis strategy off
INFO: [Synth 8-11241] undeclared symbol 'REGCCE', assumed default net type 'wire' [D:/Soft/Xilinx22.2/Vivado/2022.2/data/verilog/src/unimacro/BRAM_SINGLE_MACRO.v:2170]
---------------------------------------------------------------------------------
Finished Constraint Validation : Time (s): cpu = 00:00:05 ; elapsed = 00:00:09 . Memory (MB): peak = 2020.449 ; gain = 577.910
---------------------------------------------------------------------------------
---------------------------------------------------------------------------------
Start Loading Part and Timing Information
---------------------------------------------------------------------------------
Loading part: xc7z020clg400-2
---------------------------------------------------------------------------------
Finished Loading Part and Timing Information : Time (s): cpu = 00:00:05 ; elapsed = 00:00:09 . Memory (MB): peak = 2020.449 ; gain = 577.910
---------------------------------------------------------------------------------
---------------------------------------------------------------------------------
Start Applying 'set_property' XDC Constraints
---------------------------------------------------------------------------------
---------------------------------------------------------------------------------
Finished applying 'set_property' XDC Constraints : Time (s): cpu = 00:00:05 ; elapsed = 00:00:09 . Memory (MB): peak = 2020.449 ; gain = 577.910
---------------------------------------------------------------------------------
---------------------------------------------------------------------------------
Finished RTL Optimization Phase 2 : Time (s): cpu = 00:00:05 ; elapsed = 00:00:10 . Memory (MB): peak = 2020.449 ; gain = 577.910
---------------------------------------------------------------------------------
---------------------------------------------------------------------------------
Start RTL Component Statistics 
---------------------------------------------------------------------------------
Detailed RTL Component Info : 
+---Registers : 
	               32 Bit    Registers := 5     
	                4 Bit    Registers := 2     
	                2 Bit    Registers := 2     
	                1 Bit    Registers := 6     
+---Muxes : 
	   2 Input   32 Bit        Muxes := 4     
	   4 Input   32 Bit        Muxes := 5     
	   2 Input    1 Bit        Muxes := 5     
---------------------------------------------------------------------------------
Finished RTL Component Statistics 
---------------------------------------------------------------------------------
---------------------------------------------------------------------------------
Start Part Resource Summary
---------------------------------------------------------------------------------
Part Resources:
DSPs: 220 (col length:60)
BRAMs: 280 (col length: RAMB18 60 RAMB36 30)
---------------------------------------------------------------------------------
Finished Part Resource Summary
---------------------------------------------------------------------------------
---------------------------------------------------------------------------------
Start Cross Boundary and Area Optimization
---------------------------------------------------------------------------------
WARNING: [Synth 8-7080] Parallel synthesis criteria is not met
WARNING: [Synth 8-7129] Port s00_axi_awprot[2] in module PWM_COM_IP_0_1 is either unconnected or has no load
WARNING: [Synth 8-7129] Port s00_axi_awprot[1] in module PWM_COM_IP_0_1 is either unconnected or has no load
WARNING: [Synth 8-7129] Port s00_axi_awprot[0] in module PWM_COM_IP_0_1 is either unconnected or has no load
WARNING: [Synth 8-7129] Port s00_axi_arprot[2] in module PWM_COM_IP_0_1 is either unconnected or has no load
WARNING: [Synth 8-7129] Port s00_axi_arprot[1] in module PWM_COM_IP_0_1 is either unconnected or has no load
WARNING: [Synth 8-7129] Port s00_axi_arprot[0] in module PWM_COM_IP_0_1 is either unconnected or has no load
---------------------------------------------------------------------------------
Finished Cross Boundary and Area Optimization : Time (s): cpu = 00:00:05 ; elapsed = 00:00:11 . Memory (MB): peak = 2020.449 ; gain = 577.910
---------------------------------------------------------------------------------
---------------------------------------------------------------------------------
Start Applying XDC Timing Constraints
---------------------------------------------------------------------------------
---------------------------------------------------------------------------------
Finished Applying XDC Timing Constraints : Time (s): cpu = 00:00:07 ; elapsed = 00:00:15 . Memory (MB): peak = 2020.449 ; gain = 577.910
---------------------------------------------------------------------------------
---------------------------------------------------------------------------------
Start Timing Optimization
---------------------------------------------------------------------------------
---------------------------------------------------------------------------------
Finished Timing Optimization : Time (s): cpu = 00:00:07 ; elapsed = 00:00:15 . Memory (MB): peak = 2020.449 ; gain = 577.910
---------------------------------------------------------------------------------
---------------------------------------------------------------------------------
Start Technology Mapping
---------------------------------------------------------------------------------
---------------------------------------------------------------------------------
Finished Technology Mapping : Time (s): cpu = 00:00:07 ; elapsed = 00:00:15 . Memory (MB): peak = 2020.449 ; gain = 577.910
---------------------------------------------------------------------------------
---------------------------------------------------------------------------------
Start IO Insertion
---------------------------------------------------------------------------------
---------------------------------------------------------------------------------
Start Flattening Before IO Insertion
---------------------------------------------------------------------------------
---------------------------------------------------------------------------------
Finished Flattening Before IO Insertion
---------------------------------------------------------------------------------
---------------------------------------------------------------------------------
Start Final Netlist Cleanup
---------------------------------------------------------------------------------
---------------------------------------------------------------------------------
Finished Final Netlist Cleanup
---------------------------------------------------------------------------------
---------------------------------------------------------------------------------
Finished IO Insertion : Time (s): cpu = 00:00:08 ; elapsed = 00:00:17 . Memory (MB): peak = 2020.449 ; gain = 577.910
---------------------------------------------------------------------------------
---------------------------------------------------------------------------------
Start Renaming Generated Instances
---------------------------------------------------------------------------------
---------------------------------------------------------------------------------
Finished Renaming Generated Instances : Time (s): cpu = 00:00:08 ; elapsed = 00:00:17 . Memory (MB): peak = 2020.449 ; gain = 577.910
---------------------------------------------------------------------------------
---------------------------------------------------------------------------------
Start Rebuilding User Hierarchy
---------------------------------------------------------------------------------
---------------------------------------------------------------------------------
Finished Rebuilding User Hierarchy : Time (s): cpu = 00:00:08 ; elapsed = 00:00:17 . Memory (MB): peak = 2020.449 ; gain = 577.910
---------------------------------------------------------------------------------
---------------------------------------------------------------------------------
Start Renaming Generated Ports
---------------------------------------------------------------------------------
---------------------------------------------------------------------------------
Finished Renaming Generated Ports : Time (s): cpu = 00:00:08 ; elapsed = 00:00:17 . Memory (MB): peak = 2020.449 ; gain = 577.910
---------------------------------------------------------------------------------
---------------------------------------------------------------------------------
Start Handling Custom Attributes
---------------------------------------------------------------------------------
---------------------------------------------------------------------------------
Finished Handling Custom Attributes : Time (s): cpu = 00:00:08 ; elapsed = 00:00:17 . Memory (MB): peak = 2020.449 ; gain = 577.910
---------------------------------------------------------------------------------
---------------------------------------------------------------------------------
Start Renaming Generated Nets
---------------------------------------------------------------------------------
---------------------------------------------------------------------------------
Finished Renaming Generated Nets : Time (s): cpu = 00:00:08 ; elapsed = 00:00:17 . Memory (MB): peak = 2020.449 ; gain = 577.910
---------------------------------------------------------------------------------
---------------------------------------------------------------------------------
Start Writing Synthesis Report
---------------------------------------------------------------------------------

Report BlackBoxes: 
+-+--------------+----------+
| |BlackBox name |Instances |
+-+--------------+----------+
+-+--------------+----------+

Report Cell Usage: 
+------+-----+------+
|      |Cell |Count |
+------+-----+------+
|1     |LUT1 |     1|
|2     |LUT2 |     1|
|3     |LUT3 |     1|
|4     |LUT4 |    23|
|5     |LUT5 |     2|
|6     |LUT6 |    38|
|7     |FDRE |   169|
|8     |FDSE |     1|
+------+-----+------+
---------------------------------------------------------------------------------
Finished Writing Synthesis Report : Time (s): cpu = 00:00:08 ; elapsed = 00:00:17 . Memory (MB): peak = 2020.449 ; gain = 577.910
---------------------------------------------------------------------------------
Synthesis finished with 0 errors, 0 critical warnings and 7 warnings.
Synthesis Optimization Runtime : Time (s): cpu = 00:00:05 ; elapsed = 00:00:16 . Memory (MB): peak = 2020.449 ; gain = 504.688
Synthesis Optimization Complete : Time (s): cpu = 00:00:08 ; elapsed = 00:00:17 . Memory (MB): peak = 2020.449 ; gain = 577.910
INFO: [Project 1-571] Translating synthesized netlist
Netlist sorting complete. Time (s): cpu = 00:00:00 ; elapsed = 00:00:00.003 . Memory (MB): peak = 2020.449 ; gain = 0.000
INFO: [Project 1-570] Preparing netlist for logic optimization
INFO: [Opt 31-138] Pushed 0 inverter(s) to 0 load pin(s).
Netlist sorting complete. Time (s): cpu = 00:00:00 ; elapsed = 00:00:00 . Memory (MB): peak = 2020.449 ; gain = 0.000
INFO: [Project 1-111] Unisim Transformation Summary:
No Unisim elements were transformed.

Synth Design complete, checksum: 17e5bc97
INFO: [Common 17-83] Releasing license: Synthesis
27 Infos, 13 Warnings, 0 Critical Warnings and 0 Errors encountered.
synth_design completed successfully
INFO: [Common 17-600] The following parameters have non-default value.
tcl.statsThreshold
INFO: [Common 17-1381] The checkpoint 'D:/Project/Wireless Charge PWM/PWM/PWM.runs/PWM_COM_IP_0_1_synth_1/PWM_COM_IP_0_1.dcp' has been generated.
INFO: [Coretcl 2-1648] Added synthesis output to IP cache for IP PWM_COM_IP_0_1, cache-ID = 371fafaafaf5bbca
INFO: [Coretcl 2-1174] Renamed 2 cell refs.
INFO: [Common 17-1381] The checkpoint 'D:/Project/Wireless Charge PWM/PWM/PWM.runs/PWM_COM_IP_0_1_synth_1/PWM_COM_IP_0_1.dcp' has been generated.
INFO: [runtcl-4] Executing : report_utilization -file PWM_COM_IP_0_1_utilization_synth.rpt -pb PWM_COM_IP_0_1_utilization_synth.pb
INFO: [Common 17-206] Exiting Vivado at Thu Mar  2 10:08:11 2023...
