13:08:06 **** Clean-only build of project PWM_ex ****
buildplatform.bat 51918 PWM_ex clean 
XSDB Server Channel: tcfchan#6
Cleaning the BSP for domain  - standalone_ps7_cortexa9_0
make -C ps7_cortexa9_0/libsrc/COM_IP_v1_0/src -s clean 

rm: lstat¡®*.o¡¯Ê§°Ü: Invalid argument
make[1]: *** [Makefile:26: clean] Error 1
make: *** [Makefile:49: ps7_cortexa9_0/libsrc/COM_IP_v1_0/src/make.clean] Error 2
Failed to do platform clean.
    invoked from within
"::tcf::eval -progress {apply {{msg} {puts $msg}}} {tcf_send_command tcfchan#0 xsdb eval s es {{platform active PWM_ex; platform clean}}}"
    (procedure "::tcf::send_command" line 4)
    invoked from within
"tcf send_command $::xsdb::curchan xsdb eval s es [list "platform active $PLATFORM_NAME; platform clean"]"
    invoked from within
"if { $iswindows == 1 } {    

    set XSDB_PORT [lindex $argv 0]
    set PLATFORM_NAME [lindex $argv 1]
    set arglen [llength $argv]
    set lastind..."
    (file "D:/Soft/Xilinx22.2/Vitis/2022.2\scripts\vitis\util\buildplatform.tcl" line 11)

13:08:08 Build Finished (took 1s.966ms)

