13:07:18 **** Incremental Build of configuration Debug for project WPWM ****
make all 
make --no-print-directory pre-build
a9-linaro-pre-build-step
' '
make --no-print-directory main-build
'Building file: ../src/helloworld.c'
'Invoking: ARM v7 gcc compiler'
arm-none-eabi-gcc -Wall -O0 -g3 -I"D:\Project\Wireless_Charge_PWM\PWM\Vitis\PWM_ex\ps7_cortexa9_0\standalone_ps7_cortexa9_0\bsp\ps7_cortexa9_0\include" -c -fmessage-length=0 -MT"src/helloworld.o" -mcpu=cortex-a9 -mfpu=vfpv3 -mfloat-abi=hard -MMD -MP -MF"src/helloworld.d" -MT"src/helloworld.o" -o "src/helloworld.o" "../src/helloworld.c"
../src/helloworld.c: In function 'main':
../src/helloworld.c:42:25: warning: format '%x' expects argument of type 'unsigned int *', but argument 2 has type 'uint32_t *' {aka 'long unsigned int *'} [-Wformat=]
   42 |                 scanf("%x",&command);
      |                        ~^  ~~~~~~~~
      |                         |  |
      |                         |  uint32_t * {aka long unsigned int *}
      |                         unsigned int *
      |                        %lx
../src/helloworld.c:43:41: warning: format '%x' expects argument of type 'unsigned int', but argument 2 has type 'uint32_t' {aka 'long unsigned int'} [-Wformat=]
   43 |                 printf("command input: %x\n",command);
      |                                        ~^    ~~~~~~~
      |                                         |    |
      |                                         |    uint32_t {aka long unsigned int}
      |                                         unsigned int
      |                                        %lx
../src/helloworld.c:45:41: warning: format '%x' expects argument of type 'unsigned int', but argument 2 has type 'uint32_t' {aka 'long unsigned int'} [-Wformat=]
   45 |                         printf("reset: %x\n",(command>>14));
      |                                        ~^    ~~~~~~~~~~~~~
      |                                         |            |
      |                                         unsigned int uint32_t {aka long unsigned int}
      |                                        %lx
../src/helloworld.c:49:46: warning: format '%x' expects argument of type 'unsigned int', but argument 2 has type 'u32' {aka 'long unsigned int'} [-Wformat=]
   49 |                         printf("Delay Only: %x\n",COM_IP_mReadReg(COM_BASEADDR, COM_REG0));
      |                                             ~^
      |                                              |
      |                                              unsigned int
      |                                             %lx
../src/helloworld.c:52:47: warning: format '%x' expects argument of type 'unsigned int', but argument 2 has type 'u32' {aka 'long unsigned int'} [-Wformat=]
   52 |                         printf("Period Only: %x\n",COM_IP_mReadReg(COM_BASEADDR, COM_REG0));
      |                                              ~^
      |                                               |
      |                                               unsigned int
      |                                              %lx
../src/helloworld.c:55:40: warning: format '%x' expects argument of type 'unsigned int', but argument 2 has type 'u32' {aka 'long unsigned int'} [-Wformat=]
   55 |                         printf("Both: %x\n",COM_IP_mReadReg(COM_BASEADDR, COM_REG0));
      |                                       ~^
      |                                        |
      |                                        unsigned int
      |                                       %lx
'Finished building: ../src/helloworld.c'
' '
'Building file: ../src/platform.c'
'Invoking: ARM v7 gcc compiler'
arm-none-eabi-gcc -Wall -O0 -g3 -I"D:\Project\Wireless_Charge_PWM\PWM\Vitis\PWM_ex\ps7_cortexa9_0\standalone_ps7_cortexa9_0\bsp\ps7_cortexa9_0\include" -c -fmessage-length=0 -MT"src/platform.o" -mcpu=cortex-a9 -mfpu=vfpv3 -mfloat-abi=hard -MMD -MP -MF"src/platform.d" -MT"src/platform.o" -o "src/platform.o" "../src/platform.c"
'Finished building: ../src/platform.c'
' '
'Building target: WPWM.elf'
'Invoking: ARM v7 gcc linker'
arm-none-eabi-gcc -L"D:\Project\Wireless_Charge_PWM\PWM\Vitis\PWM_ex\ps7_cortexa9_0\standalone_ps7_cortexa9_0\bsp\ps7_cortexa9_0\lib" -mcpu=cortex-a9 -mfpu=vfpv3 -mfloat-abi=hard -Wl,-build-id=none -specs=Xilinx.spec -Wl,-T -Wl,../src/lscript.ld -o "WPWM.elf"  ./src/helloworld.o ./src/platform.o   -Wl,--start-group,-lxil,-lgcc,-lc,--end-group
d:/soft/xilinx22.2/vitis/2022.2/gnu/aarch32/nt/gcc-arm-none-eabi/x86_64-oesdk-mingw32/usr/bin/arm-xilinx-eabi/../../libexec/arm-xilinx-eabi/gcc/arm-xilinx-eabi/11.2.0/real-ld.exe: cannot find -lxil
collect2.exe: error: ld returned 1 exit status
make[1]: *** [makefile:43: WPWM.elf] Error 1
make: *** [makefile:34: all] Error 2

13:07:18 Build Finished (took 423ms)

